MOM Day       0.000      0: En 3.336197E-01, MaxCFL  0.01092, Mass 3.959040000000E+18
    Total Energy: 43B25478EC07BAB8  1.3208135458636902E+18
    Total Mass:   3.9590400000000000E+18, Change:   0.0000000000000000E+00 Error:  0.00000E+00 ( 0.0E+00)
NOTE: callTree:    <--- finish_MOM_initialization()
NOTE: callTree:    ---> step_MOM(), MOM.F90
NOTE: callTree:       loop DT cycles (step_MOM) n=       1
NOTE: callTree:          o done with set_viscous_BBL (step_MOM)
NOTE: callTree:          ---> step_MOM_dyn_split_RK2(), MOM_dynamics_split_RK2.F90
NOTE: callTree:             o done with PressureForce (step_MOM_dyn_split_RK2)
NOTE: callTree:             o done with vertvisc_coef (step_MOM_dyn_split_RK2)
NOTE: callTree:             o done with continuity[BT_cont] (step_MOM_dyn_split_RK2)
NOTE: callTree:             ---> btstep(), MOM_barotropic.F90
NOTE: btstep is using a dynamic barotropic timestep of 7.500000E+01 seconds, max 8.529637E+01.
NOTE: callTree:             <--- btstep()
NOTE: callTree:             o done with vertvisc (step_MOM_dyn_split_RK2)
NOTE: callTree:             o done with continuity (step_MOM_dyn_split_RK2)
NOTE: callTree:             o done with btcalc[BT_cont_BT_thick] (step_MOM_dyn_split_RK2)
NOTE: callTree:             o done with horizontal_viscosity (step_MOM_dyn_split_RK2)

Program received signal SIGSEGV: Segmentation fault - invalid memory reference.

Backtrace for this error:
#0  0x7fe847a6f9ff in ???
#1  0x55893a0b6dad in ???
#2  0x55893a086ee6 in ???
#3  0x55893a439281 in ???
#4  0x55893a39b4a0 in ???
#5  0x558939e76d0e in ???
#6  0x7fe847a5a28f in ???
#7  0x7fe847a5a349 in ???
#8  0x558939e76d44 in _start
	at ../sysdeps/x86_64/start.S:115
#9  0xffffffffffffffff in ???
Segmentation fault (core dumped)
